<testsuites id="" name="" tests="126" failures="4" skipped="0" errors="0" time="213.51216900000003">
<testsuite name="utils\auth.setup.ts" timestamp="2026-08-04T05:55:02.111Z" hostname="setup" tests="1" failures="0" skipped="0" time="1.49" errors="0">
<testcase name="authenticate as admin" classname="utils\auth.setup.ts" time="1.49">
</testcase>
</testsuite>
<testsuite name="admin.spec.ts" timestamp="2026-08-04T05:55:02.111Z" hostname="chromium" tests="10" failures="0" skipped="0" time="128.915" errors="0">
<testcase name="Admin Dashboard and CRUD › admin dashboard loads correctly" classname="admin.spec.ts" time="10.215">
</testcase>
<testcase name="Admin Dashboard and CRUD › admin manga page loads" classname="admin.spec.ts" time="10.279">
</testcase>
<testcase name="Admin Dashboard and CRUD › admin chapters page loads" classname="admin.spec.ts" time="12.429">
</testcase>
<testcase name="Admin Dashboard and CRUD › admin users page loads" classname="admin.spec.ts" time="10.481">
</testcase>
<testcase name="Admin Dashboard and CRUD › admin ads page loads" classname="admin.spec.ts" time="10.45">
</testcase>
<testcase name="Admin Dashboard and CRUD › admin audit-logs page loads" classname="admin.spec.ts" time="10.448">
</testcase>
<testcase name="Admin Dashboard and CRUD › admin settings page loads" classname="admin.spec.ts" time="3.49">
</testcase>
<testcase name="Admin Dashboard and CRUD › admin login page shows form (unauthenticated check)" classname="admin.spec.ts" time="3.367">
</testcase>
<testcase name="Admin Dashboard and CRUD › admin API: manga list returns data" classname="admin.spec.ts" time="3.16">
</testcase>
<testcase name="Admin Dashboard and CRUD › admin API: full CRUD lifecycle — manga → chapter → ad → cleanup" classname="admin.spec.ts" time="54.596">
</testcase>
</testsuite>
<testsuite name="public.spec.ts" timestamp="2026-08-04T05:55:02.111Z" hostname="chromium" tests="5" failures="0" skipped="0" time="18.458" errors="0">
<testcase name="Public Pages and Reader › homepage loads and displays content" classname="public.spec.ts" time="9.449">
</testcase>
<testcase name="Public Pages and Reader › search functionality" classname="public.spec.ts" time="4.608">
</testcase>
<testcase name="Public Pages and Reader › SEO: robots.txt is served" classname="public.spec.ts" time="0.381">
</testcase>
<testcase name="Public Pages and Reader › SEO: sitemap.xml is served" classname="public.spec.ts" time="1.387">
</testcase>
<testcase name="Public Pages and Reader › route protection - admin redirects unauthenticated users to login" classname="public.spec.ts" time="2.633">
</testcase>
</testsuite>
<testsuite name="reader.spec.ts" timestamp="2026-08-04T05:55:02.111Z" hostname="chromium" tests="1" failures="0" skipped="0" time="48.484" errors="0">
<testcase name="Reader Features › reader page loads when manga and chapter exist" classname="reader.spec.ts" time="48.484">
<properties>
<property name="skip" value="No chapters found on manga page.">
</property>
</properties>
<system-out>
<![CDATA[
[[ATTACHMENT|..\test-results\reader-Reader-Features-rea-65713-hen-manga-and-chapter-exist-chromium\test-failed-1.png]]

[[ATTACHMENT|..\test-results\reader-Reader-Features-rea-65713-hen-manga-and-chapter-exist-chromium\video.webm]]

[[ATTACHMENT|..\test-results\reader-Reader-Features-rea-65713-hen-manga-and-chapter-exist-chromium\error-context.md]]

[[ATTACHMENT|..\test-results\reader-Reader-Features-rea-65713-hen-manga-and-chapter-exist-chromium\trace.zip]]
]]>
</system-out>
</testcase>
</testsuite>
<testsuite name="system.spec.ts" timestamp="2026-08-04T05:55:02.111Z" hostname="chromium" tests="2" failures="0" skipped="0" time="11.084" errors="0">
<testcase name="System and Accessibility › no console errors on homepage" classname="system.spec.ts" time="5.131">
</testcase>
<testcase name="System and Accessibility › navigation is accessible" classname="system.spec.ts" time="5.953">
</testcase>
</testsuite>
<testsuite name="user.spec.ts" timestamp="2026-08-04T05:55:02.111Z" hostname="chromium" tests="7" failures="0" skipped="0" time="21.257" errors="0">
<testcase name="User Auth and Features (Clerk) › sign in page loads Clerk widget" classname="user.spec.ts" time="8.692">
</testcase>
<testcase name="User Auth and Features (Clerk) › sign up page loads Clerk widget" classname="user.spec.ts" time="10.295">
</testcase>
<testcase name="User Auth and Features (Clerk) › protected dashboard redirects unauthenticated users" classname="user.spec.ts" time="2.043">
</testcase>
<testcase name="User Auth and Features (Clerk) › public user API: bookmarks require auth" classname="user.spec.ts" time="0.089">
</testcase>
<testcase name="User Auth and Features (Clerk) › public user API: ratings require auth" classname="user.spec.ts" time="0.073">
</testcase>
<testcase name="User Auth and Features (Clerk) › public user API: comments require auth" classname="user.spec.ts" time="0.035">
</testcase>
<testcase name="User Auth and Features (Clerk) › public user API: likes require auth" classname="user.spec.ts" time="0.03">
</testcase>
</testsuite>
<testsuite name="admin.spec.ts" timestamp="2026-08-04T05:55:02.111Z" hostname="firefox" tests="10" failures="0" skipped="0" time="80.48" errors="0">
<testcase name="Admin Dashboard and CRUD › admin dashboard loads correctly" classname="admin.spec.ts" time="9.277">
</testcase>
<testcase name="Admin Dashboard and CRUD › admin manga page loads" classname="admin.spec.ts" time="9.02">
</testcase>
<testcase name="Admin Dashboard and CRUD › admin chapters page loads" classname="admin.spec.ts" time="9.482">
</testcase>
<testcase name="Admin Dashboard and CRUD › admin users page loads" classname="admin.spec.ts" time="7.515">
</testcase>
<testcase name="Admin Dashboard and CRUD › admin ads page loads" classname="admin.spec.ts" time="3.71">
</testcase>
<testcase name="Admin Dashboard and CRUD › admin audit-logs page loads" classname="admin.spec.ts" time="3.362">
</testcase>
<testcase name="Admin Dashboard and CRUD › admin settings page loads" classname="admin.spec.ts" time="2.957">
</testcase>
<testcase name="Admin Dashboard and CRUD › admin login page shows form (unauthenticated check)" classname="admin.spec.ts" time="2.605">
</testcase>
<testcase name="Admin Dashboard and CRUD › admin API: manga list returns data" classname="admin.spec.ts" time="0.821">
</testcase>
<testcase name="Admin Dashboard and CRUD › admin API: full CRUD lifecycle — manga → chapter → ad → cleanup" classname="admin.spec.ts" time="31.731">
</testcase>
</testsuite>
<testsuite name="public.spec.ts" timestamp="2026-08-04T05:55:02.111Z" hostname="firefox" tests="5" failures="0" skipped="0" time="12.677" errors="0">
<testcase name="Public Pages and Reader › homepage loads and displays content" classname="public.spec.ts" time="3.298">
</testcase>
<testcase name="Public Pages and Reader › search functionality" classname="public.spec.ts" time="4.176">
</testcase>
<testcase name="Public Pages and Reader › SEO: robots.txt is served" classname="public.spec.ts" time="0.085">
</testcase>
<testcase name="Public Pages and Reader › SEO: sitemap.xml is served" classname="public.spec.ts" time="2.556">
</testcase>
<testcase name="Public Pages and Reader › route protection - admin redirects unauthenticated users to login" classname="public.spec.ts" time="2.562">
</testcase>
</testsuite>
<testsuite name="reader.spec.ts" timestamp="2026-08-04T05:55:02.111Z" hostname="firefox" tests="1" failures="1" skipped="0" time="70.293" errors="0">
<testcase name="Reader Features › reader page loads when manga and chapter exist" classname="reader.spec.ts" time="70.293">
<system-out>
<![CDATA[
[[ATTACHMENT|..\test-results\reader-Reader-Features-rea-65713-hen-manga-and-chapter-exist-firefox\test-failed-1.png]]

[[ATTACHMENT|..\test-results\reader-Reader-Features-rea-65713-hen-manga-and-chapter-exist-firefox\video.webm]]

[[ATTACHMENT|..\test-results\reader-Reader-Features-rea-65713-hen-manga-and-chapter-exist-firefox\error-context.md]]

[[ATTACHMENT|..\test-results\reader-Reader-Features-rea-65713-hen-manga-and-chapter-exist-firefox\trace.zip]]

[[ATTACHMENT|..\test-results\reader-Reader-Features-rea-65713-hen-manga-and-chapter-exist-firefox-retry1\test-failed-1.png]]

[[ATTACHMENT|..\test-results\reader-Reader-Features-rea-65713-hen-manga-and-chapter-exist-firefox-retry1\video.webm]]

[[ATTACHMENT|..\test-results\reader-Reader-Features-rea-65713-hen-manga-and-chapter-exist-firefox-retry1\error-context.md]]

[[ATTACHMENT|..\test-results\reader-Reader-Features-rea-65713-hen-manga-and-chapter-exist-firefox-retry1\trace.zip]]
]]>
</system-out>
<failure message="expect(locator).toBeVisible() failed" type="expect.toBeVisible">
<![CDATA[  [firefox] › reader.spec.ts:5:7 › Reader Features › reader page loads when manga and chapter exist 

    Error: expect(locator).toBeVisible() failed

    Locator: locator('img').first()
    Expected: visible
    Timeout: 20000ms
    Error: element(s) not found

    Call log:
      - Expect "toBeVisible" with timeout 20000ms
      - waiting for locator('img').first()
        7 × waiting for "http://localhost:3000/read/playwright-e2e-test-manga-8/chapter-1" navigation to finish...
          - navigated to "http://localhost:3000/read/playwright-e2e-test-manga-8/chapter-1"
        - waiting for "http://localhost:3000/read/playwright-e2e-test-manga-8/chapter-1" navigation to finish...


      38 |
      39 |     // Reader page should have at least one image
    > 40 |     await expect(page.locator('img').first()).toBeVisible({ timeout: 20000 });
         |                                               ^
      41 |   });
      42 |
      43 | });
        at C:\Users\Sampad Chowdhury\OneDrive\Documents\website\hentography website\tests\e2e\reader.spec.ts:40:47

    attachment #1: screenshot (image/png) ──────────────────────────────────────────────────────────
    ..\..\test-results\reader-Reader-Features-rea-65713-hen-manga-and-chapter-exist-firefox\test-failed-1.png
    ────────────────────────────────────────────────────────────────────────────────────────────────

    attachment #2: video (video/webm) ──────────────────────────────────────────────────────────────
    ..\..\test-results\reader-Reader-Features-rea-65713-hen-manga-and-chapter-exist-firefox\video.webm
    ────────────────────────────────────────────────────────────────────────────────────────────────

    Error Context: ..\..\test-results\reader-Reader-Features-rea-65713-hen-manga-and-chapter-exist-firefox\error-context.md

    attachment #4: trace (application/zip) ─────────────────────────────────────────────────────────
    ..\..\test-results\reader-Reader-Features-rea-65713-hen-manga-and-chapter-exist-firefox\trace.zip
    Usage:

        npx playwright show-trace ..\..\test-results\reader-Reader-Features-rea-65713-hen-manga-and-chapter-exist-firefox\trace.zip

    ────────────────────────────────────────────────────────────────────────────────────────────────

    Retry #1 ───────────────────────────────────────────────────────────────────────────────────────

    Error: expect(locator).toBeVisible() failed

    Locator: locator('img').first()
    Expected: visible
    Timeout: 20000ms
    Error: element(s) not found

    Call log:
      - Expect "toBeVisible" with timeout 20000ms
      - waiting for locator('img').first()
        8 × waiting for "http://localhost:3000/read/playwright-e2e-test-manga-8/chapter-1" navigation to finish...
          - navigated to "http://localhost:3000/read/playwright-e2e-test-manga-8/chapter-1"


      38 |
      39 |     // Reader page should have at least one image
    > 40 |     await expect(page.locator('img').first()).toBeVisible({ timeout: 20000 });
         |                                               ^
      41 |   });
      42 |
      43 | });
        at C:\Users\Sampad Chowdhury\OneDrive\Documents\website\hentography website\tests\e2e\reader.spec.ts:40:47

    attachment #1: screenshot (image/png) ──────────────────────────────────────────────────────────
    ..\..\test-results\reader-Reader-Features-rea-65713-hen-manga-and-chapter-exist-firefox-retry1\test-failed-1.png
    ────────────────────────────────────────────────────────────────────────────────────────────────

    attachment #2: video (video/webm) ──────────────────────────────────────────────────────────────
    ..\..\test-results\reader-Reader-Features-rea-65713-hen-manga-and-chapter-exist-firefox-retry1\video.webm
    ────────────────────────────────────────────────────────────────────────────────────────────────

    Error Context: ..\..\test-results\reader-Reader-Features-rea-65713-hen-manga-and-chapter-exist-firefox-retry1\error-context.md

    attachment #4: trace (application/zip) ─────────────────────────────────────────────────────────
    ..\..\test-results\reader-Reader-Features-rea-65713-hen-manga-and-chapter-exist-firefox-retry1\trace.zip
    Usage:

        npx playwright show-trace ..\..\test-results\reader-Reader-Features-rea-65713-hen-manga-and-chapter-exist-firefox-retry1\trace.zip

    ────────────────────────────────────────────────────────────────────────────────────────────────
]]>
</failure>
</testcase>
</testsuite>
<testsuite name="system.spec.ts" timestamp="2026-08-04T05:55:02.111Z" hostname="firefox" tests="2" failures="0" skipped="0" time="7.284" errors="0">
<testcase name="System and Accessibility › no console errors on homepage" classname="system.spec.ts" time="2.48">
</testcase>
<testcase name="System and Accessibility › navigation is accessible" classname="system.spec.ts" time="4.804">
</testcase>
</testsuite>
<testsuite name="user.spec.ts" timestamp="2026-08-04T05:55:02.111Z" hostname="firefox" tests="7" failures="0" skipped="0" time="14.207" errors="0">
<testcase name="User Auth and Features (Clerk) › sign in page loads Clerk widget" classname="user.spec.ts" time="4.985">
</testcase>
<testcase name="User Auth and Features (Clerk) › sign up page loads Clerk widget" classname="user.spec.ts" time="6.1">
</testcase>
<testcase name="User Auth and Features (Clerk) › protected dashboard redirects unauthenticated users" classname="user.spec.ts" time="2.999">
</testcase>
<testcase name="User Auth and Features (Clerk) › public user API: bookmarks require auth" classname="user.spec.ts" time="0.048">
</testcase>
<testcase name="User Auth and Features (Clerk) › public user API: ratings require auth" classname="user.spec.ts" time="0.026">
</testcase>
<testcase name="User Auth and Features (Clerk) › public user API: comments require auth" classname="user.spec.ts" time="0.03">
</testcase>
<testcase name="User Auth and Features (Clerk) › public user API: likes require auth" classname="user.spec.ts" time="0.019">
</testcase>
</testsuite>
<testsuite name="admin.spec.ts" timestamp="2026-08-04T05:55:02.111Z" hostname="webkit" tests="10" failures="0" skipped="0" time="97.004" errors="0">
<testcase name="Admin Dashboard and CRUD › admin dashboard loads correctly" classname="admin.spec.ts" time="4.51">
</testcase>
<testcase name="Admin Dashboard and CRUD › admin manga page loads" classname="admin.spec.ts" time="5.076">
</testcase>
<testcase name="Admin Dashboard and CRUD › admin chapters page loads" classname="admin.spec.ts" time="39.856">
<system-out>
<![CDATA[
[[ATTACHMENT|..\test-results\admin-Admin-Dashboard-and-CRUD-admin-chapters-page-loads-webkit\test-failed-1.png]]

[[ATTACHMENT|..\test-results\admin-Admin-Dashboard-and-CRUD-admin-chapters-page-loads-webkit\video.webm]]

[[ATTACHMENT|..\test-results\admin-Admin-Dashboard-and-CRUD-admin-chapters-page-loads-webkit\error-context.md]]

[[ATTACHMENT|..\test-results\admin-Admin-Dashboard-and-CRUD-admin-chapters-page-loads-webkit\trace.zip]]
]]>
</system-out>
</testcase>
<testcase name="Admin Dashboard and CRUD › admin users page loads" classname="admin.spec.ts" time="3.366">
</testcase>
<testcase name="Admin Dashboard and CRUD › admin ads page loads" classname="admin.spec.ts" time="3.762">
</testcase>
<testcase name="Admin Dashboard and CRUD › admin audit-logs page loads" classname="admin.spec.ts" time="3.356">
</testcase>
<testcase name="Admin Dashboard and CRUD › admin settings page loads" classname="admin.spec.ts" time="3.374">
</testcase>
<testcase name="Admin Dashboard and CRUD › admin login page shows form (unauthenticated check)" classname="admin.spec.ts" time="3.325">
</testcase>
<testcase name="Admin Dashboard and CRUD › admin API: manga list returns data" classname="admin.spec.ts" time="0.607">
</testcase>
<testcase name="Admin Dashboard and CRUD › admin API: full CRUD lifecycle — manga → chapter → ad → cleanup" classname="admin.spec.ts" time="29.772">
</testcase>
</testsuite>
<testsuite name="public.spec.ts" timestamp="2026-08-04T05:55:02.111Z" hostname="webkit" tests="5" failures="0" skipped="0" time="27.432" errors="0">
<testcase name="Public Pages and Reader › homepage loads and displays content" classname="public.spec.ts" time="9.975">
</testcase>
<testcase name="Public Pages and Reader › search functionality" classname="public.spec.ts" time="9.553">
</testcase>
<testcase name="Public Pages and Reader › SEO: robots.txt is served" classname="public.spec.ts" time="0.063">
</testcase>
<testcase name="Public Pages and Reader › SEO: sitemap.xml is served" classname="public.spec.ts" time="1.227">
</testcase>
<testcase name="Public Pages and Reader › route protection - admin redirects unauthenticated users to login" classname="public.spec.ts" time="6.614">
</testcase>
</testsuite>
<testsuite name="reader.spec.ts" timestamp="2026-08-04T05:55:02.111Z" hostname="webkit" tests="1" failures="1" skipped="0" time="66.104" errors="0">
<testcase name="Reader Features › reader page loads when manga and chapter exist" classname="reader.spec.ts" time="66.104">
<system-out>
<![CDATA[
[[ATTACHMENT|..\test-results\reader-Reader-Features-rea-65713-hen-manga-and-chapter-exist-webkit\test-failed-1.png]]

[[ATTACHMENT|..\test-results\reader-Reader-Features-rea-65713-hen-manga-and-chapter-exist-webkit\video.webm]]

[[ATTACHMENT|..\test-results\reader-Reader-Features-rea-65713-hen-manga-and-chapter-exist-webkit\error-context.md]]

[[ATTACHMENT|..\test-results\reader-Reader-Features-rea-65713-hen-manga-and-chapter-exist-webkit\trace.zip]]

[[ATTACHMENT|..\test-results\reader-Reader-Features-rea-65713-hen-manga-and-chapter-exist-webkit-retry1\test-failed-1.png]]

[[ATTACHMENT|..\test-results\reader-Reader-Features-rea-65713-hen-manga-and-chapter-exist-webkit-retry1\video.webm]]

[[ATTACHMENT|..\test-results\reader-Reader-Features-rea-65713-hen-manga-and-chapter-exist-webkit-retry1\error-context.md]]

[[ATTACHMENT|..\test-results\reader-Reader-Features-rea-65713-hen-manga-and-chapter-exist-webkit-retry1\trace.zip]]
]]>
</system-out>
<failure message="expect(locator).toBeVisible() failed" type="expect.toBeVisible">
<![CDATA[  [webkit] › reader.spec.ts:5:7 › Reader Features › reader page loads when manga and chapter exist ─

    Error: expect(locator).toBeVisible() failed

    Locator: locator('img').first()
    Expected: visible
    Timeout: 20000ms
    Error: element(s) not found

    Call log:
      - Expect "toBeVisible" with timeout 20000ms
      - waiting for locator('img').first()


      38 |
      39 |     // Reader page should have at least one image
    > 40 |     await expect(page.locator('img').first()).toBeVisible({ timeout: 20000 });
         |                                               ^
      41 |   });
      42 |
      43 | });
        at C:\Users\Sampad Chowdhury\OneDrive\Documents\website\hentography website\tests\e2e\reader.spec.ts:40:47

    attachment #1: screenshot (image/png) ──────────────────────────────────────────────────────────
    ..\..\test-results\reader-Reader-Features-rea-65713-hen-manga-and-chapter-exist-webkit\test-failed-1.png
    ────────────────────────────────────────────────────────────────────────────────────────────────

    attachment #2: video (video/webm) ──────────────────────────────────────────────────────────────
    ..\..\test-results\reader-Reader-Features-rea-65713-hen-manga-and-chapter-exist-webkit\video.webm
    ────────────────────────────────────────────────────────────────────────────────────────────────

    Error Context: ..\..\test-results\reader-Reader-Features-rea-65713-hen-manga-and-chapter-exist-webkit\error-context.md

    attachment #4: trace (application/zip) ─────────────────────────────────────────────────────────
    ..\..\test-results\reader-Reader-Features-rea-65713-hen-manga-and-chapter-exist-webkit\trace.zip
    Usage:

        npx playwright show-trace ..\..\test-results\reader-Reader-Features-rea-65713-hen-manga-and-chapter-exist-webkit\trace.zip

    ────────────────────────────────────────────────────────────────────────────────────────────────

    Retry #1 ───────────────────────────────────────────────────────────────────────────────────────

    Error: expect(locator).toBeVisible() failed

    Locator: locator('img').first()
    Expected: visible
    Timeout: 20000ms
    Error: element(s) not found

    Call log:
      - Expect "toBeVisible" with timeout 20000ms
      - waiting for locator('img').first()


      38 |
      39 |     // Reader page should have at least one image
    > 40 |     await expect(page.locator('img').first()).toBeVisible({ timeout: 20000 });
         |                                               ^
      41 |   });
      42 |
      43 | });
        at C:\Users\Sampad Chowdhury\OneDrive\Documents\website\hentography website\tests\e2e\reader.spec.ts:40:47

    attachment #1: screenshot (image/png) ──────────────────────────────────────────────────────────
    ..\..\test-results\reader-Reader-Features-rea-65713-hen-manga-and-chapter-exist-webkit-retry1\test-failed-1.png
    ────────────────────────────────────────────────────────────────────────────────────────────────

    attachment #2: video (video/webm) ──────────────────────────────────────────────────────────────
    ..\..\test-results\reader-Reader-Features-rea-65713-hen-manga-and-chapter-exist-webkit-retry1\video.webm
    ────────────────────────────────────────────────────────────────────────────────────────────────

    Error Context: ..\..\test-results\reader-Reader-Features-rea-65713-hen-manga-and-chapter-exist-webkit-retry1\error-context.md

    attachment #4: trace (application/zip) ─────────────────────────────────────────────────────────
    ..\..\test-results\reader-Reader-Features-rea-65713-hen-manga-and-chapter-exist-webkit-retry1\trace.zip
    Usage:

        npx playwright show-trace ..\..\test-results\reader-Reader-Features-rea-65713-hen-manga-and-chapter-exist-webkit-retry1\trace.zip

    ────────────────────────────────────────────────────────────────────────────────────────────────
]]>
</failure>
</testcase>
</testsuite>
<testsuite name="system.spec.ts" timestamp="2026-08-04T05:55:02.111Z" hostname="webkit" tests="2" failures="0" skipped="0" time="23.705" errors="0">
<testcase name="System and Accessibility › no console errors on homepage" classname="system.spec.ts" time="10.792">
</testcase>
<testcase name="System and Accessibility › navigation is accessible" classname="system.spec.ts" time="12.913">
</testcase>
</testsuite>
<testsuite name="user.spec.ts" timestamp="2026-08-04T05:55:02.111Z" hostname="webkit" tests="7" failures="0" skipped="0" time="20.442" errors="0">
<testcase name="User Auth and Features (Clerk) › sign in page loads Clerk widget" classname="user.spec.ts" time="7.56">
</testcase>
<testcase name="User Auth and Features (Clerk) › sign up page loads Clerk widget" classname="user.spec.ts" time="8.06">
</testcase>
<testcase name="User Auth and Features (Clerk) › protected dashboard redirects unauthenticated users" classname="user.spec.ts" time="4.333">
</testcase>
<testcase name="User Auth and Features (Clerk) › public user API: bookmarks require auth" classname="user.spec.ts" time="0.122">
</testcase>
<testcase name="User Auth and Features (Clerk) › public user API: ratings require auth" classname="user.spec.ts" time="0.036">
</testcase>
<testcase name="User Auth and Features (Clerk) › public user API: comments require auth" classname="user.spec.ts" time="0.307">
</testcase>
<testcase name="User Auth and Features (Clerk) › public user API: likes require auth" classname="user.spec.ts" time="0.024">
</testcase>
</testsuite>
<testsuite name="admin.spec.ts" timestamp="2026-08-04T05:55:02.111Z" hostname="Mobile Chrome" tests="10" failures="0" skipped="0" time="44.735" errors="0">
<testcase name="Admin Dashboard and CRUD › admin dashboard loads correctly" classname="admin.spec.ts" time="2.429">
</testcase>
<testcase name="Admin Dashboard and CRUD › admin manga page loads" classname="admin.spec.ts" time="2.999">
</testcase>
<testcase name="Admin Dashboard and CRUD › admin chapters page loads" classname="admin.spec.ts" time="5.085">
</testcase>
<testcase name="Admin Dashboard and CRUD › admin users page loads" classname="admin.spec.ts" time="2.162">
</testcase>
<testcase name="Admin Dashboard and CRUD › admin ads page loads" classname="admin.spec.ts" time="1.613">
</testcase>
<testcase name="Admin Dashboard and CRUD › admin audit-logs page loads" classname="admin.spec.ts" time="1.725">
</testcase>
<testcase name="Admin Dashboard and CRUD › admin settings page loads" classname="admin.spec.ts" time="1.526">
</testcase>
<testcase name="Admin Dashboard and CRUD › admin login page shows form (unauthenticated check)" classname="admin.spec.ts" time="2.083">
</testcase>
<testcase name="Admin Dashboard and CRUD › admin API: manga list returns data" classname="admin.spec.ts" time="1.008">
</testcase>
<testcase name="Admin Dashboard and CRUD › admin API: full CRUD lifecycle — manga → chapter → ad → cleanup" classname="admin.spec.ts" time="24.105">
</testcase>
</testsuite>
<testsuite name="public.spec.ts" timestamp="2026-08-04T05:55:02.111Z" hostname="Mobile Chrome" tests="5" failures="0" skipped="0" time="17.302" errors="0">
<testcase name="Public Pages and Reader › homepage loads and displays content" classname="public.spec.ts" time="6.739">
</testcase>
<testcase name="Public Pages and Reader › search functionality" classname="public.spec.ts" time="4.717">
</testcase>
<testcase name="Public Pages and Reader › SEO: robots.txt is served" classname="public.spec.ts" time="0.133">
</testcase>
<testcase name="Public Pages and Reader › SEO: sitemap.xml is served" classname="public.spec.ts" time="2.394">
</testcase>
<testcase name="Public Pages and Reader › route protection - admin redirects unauthenticated users to login" classname="public.spec.ts" time="3.319">
</testcase>
</testsuite>
<testsuite name="reader.spec.ts" timestamp="2026-08-04T05:55:02.111Z" hostname="Mobile Chrome" tests="1" failures="1" skipped="0" time="59.549" errors="0">
<testcase name="Reader Features › reader page loads when manga and chapter exist" classname="reader.spec.ts" time="59.549">
<system-out>
<![CDATA[
[[ATTACHMENT|..\test-results\reader-Reader-Features-rea-65713-hen-manga-and-chapter-exist-Mobile-Chrome\test-failed-1.png]]

[[ATTACHMENT|..\test-results\reader-Reader-Features-rea-65713-hen-manga-and-chapter-exist-Mobile-Chrome\video.webm]]

[[ATTACHMENT|..\test-results\reader-Reader-Features-rea-65713-hen-manga-and-chapter-exist-Mobile-Chrome\error-context.md]]

[[ATTACHMENT|..\test-results\reader-Reader-Features-rea-65713-hen-manga-and-chapter-exist-Mobile-Chrome\trace.zip]]

[[ATTACHMENT|..\test-results\reader-Reader-Features-rea-65713-hen-manga-and-chapter-exist-Mobile-Chrome-retry1\test-failed-1.png]]

[[ATTACHMENT|..\test-results\reader-Reader-Features-rea-65713-hen-manga-and-chapter-exist-Mobile-Chrome-retry1\video.webm]]

[[ATTACHMENT|..\test-results\reader-Reader-Features-rea-65713-hen-manga-and-chapter-exist-Mobile-Chrome-retry1\error-context.md]]

[[ATTACHMENT|..\test-results\reader-Reader-Features-rea-65713-hen-manga-and-chapter-exist-Mobile-Chrome-retry1\trace.zip]]
]]>
</system-out>
<failure message="expect(locator).toBeVisible() failed" type="expect.toBeVisible">
<![CDATA[  [Mobile Chrome] › reader.spec.ts:5:7 › Reader Features › reader page loads when manga and chapter exist 

    Error: expect(locator).toBeVisible() failed

    Locator: locator('img').first()
    Expected: visible
    Timeout: 20000ms
    Error: element(s) not found

    Call log:
      - Expect "toBeVisible" with timeout 20000ms
      - waiting for locator('img').first()


      38 |
      39 |     // Reader page should have at least one image
    > 40 |     await expect(page.locator('img').first()).toBeVisible({ timeout: 20000 });
         |                                               ^
      41 |   });
      42 |
      43 | });
        at C:\Users\Sampad Chowdhury\OneDrive\Documents\website\hentography website\tests\e2e\reader.spec.ts:40:47

    attachment #1: screenshot (image/png) ──────────────────────────────────────────────────────────
    ..\..\test-results\reader-Reader-Features-rea-65713-hen-manga-and-chapter-exist-Mobile-Chrome\test-failed-1.png
    ────────────────────────────────────────────────────────────────────────────────────────────────

    attachment #2: video (video/webm) ──────────────────────────────────────────────────────────────
    ..\..\test-results\reader-Reader-Features-rea-65713-hen-manga-and-chapter-exist-Mobile-Chrome\video.webm
    ────────────────────────────────────────────────────────────────────────────────────────────────

    Error Context: ..\..\test-results\reader-Reader-Features-rea-65713-hen-manga-and-chapter-exist-Mobile-Chrome\error-context.md

    attachment #4: trace (application/zip) ─────────────────────────────────────────────────────────
    ..\..\test-results\reader-Reader-Features-rea-65713-hen-manga-and-chapter-exist-Mobile-Chrome\trace.zip
    Usage:

        npx playwright show-trace ..\..\test-results\reader-Reader-Features-rea-65713-hen-manga-and-chapter-exist-Mobile-Chrome\trace.zip

    ────────────────────────────────────────────────────────────────────────────────────────────────

    Retry #1 ───────────────────────────────────────────────────────────────────────────────────────

    Error: expect(locator).toBeVisible() failed

    Locator: locator('img').first()
    Expected: visible
    Timeout: 20000ms
    Error: element(s) not found

    Call log:
      - Expect "toBeVisible" with timeout 20000ms
      - waiting for locator('img').first()


      38 |
      39 |     // Reader page should have at least one image
    > 40 |     await expect(page.locator('img').first()).toBeVisible({ timeout: 20000 });
         |                                               ^
      41 |   });
      42 |
      43 | });
        at C:\Users\Sampad Chowdhury\OneDrive\Documents\website\hentography website\tests\e2e\reader.spec.ts:40:47

    attachment #1: screenshot (image/png) ──────────────────────────────────────────────────────────
    ..\..\test-results\reader-Reader-Features-rea-65713-hen-manga-and-chapter-exist-Mobile-Chrome-retry1\test-failed-1.png
    ────────────────────────────────────────────────────────────────────────────────────────────────

    attachment #2: video (video/webm) ──────────────────────────────────────────────────────────────
    ..\..\test-results\reader-Reader-Features-rea-65713-hen-manga-and-chapter-exist-Mobile-Chrome-retry1\video.webm
    ────────────────────────────────────────────────────────────────────────────────────────────────

    Error Context: ..\..\test-results\reader-Reader-Features-rea-65713-hen-manga-and-chapter-exist-Mobile-Chrome-retry1\error-context.md

    attachment #4: trace (application/zip) ─────────────────────────────────────────────────────────
    ..\..\test-results\reader-Reader-Features-rea-65713-hen-manga-and-chapter-exist-Mobile-Chrome-retry1\trace.zip
    Usage:

        npx playwright show-trace ..\..\test-results\reader-Reader-Features-rea-65713-hen-manga-and-chapter-exist-Mobile-Chrome-retry1\trace.zip

    ────────────────────────────────────────────────────────────────────────────────────────────────
]]>
</failure>
</testcase>
</testsuite>
<testsuite name="system.spec.ts" timestamp="2026-08-04T05:55:02.111Z" hostname="Mobile Chrome" tests="2" failures="0" skipped="0" time="20.021" errors="0">
<testcase name="System and Accessibility › no console errors on homepage" classname="system.spec.ts" time="10.096">
</testcase>
<testcase name="System and Accessibility › navigation is accessible" classname="system.spec.ts" time="9.925">
</testcase>
</testsuite>
<testsuite name="user.spec.ts" timestamp="2026-08-04T05:55:02.111Z" hostname="Mobile Chrome" tests="7" failures="0" skipped="0" time="12.301" errors="0">
<testcase name="User Auth and Features (Clerk) › sign in page loads Clerk widget" classname="user.spec.ts" time="4.346">
</testcase>
<testcase name="User Auth and Features (Clerk) › sign up page loads Clerk widget" classname="user.spec.ts" time="6.116">
</testcase>
<testcase name="User Auth and Features (Clerk) › protected dashboard redirects unauthenticated users" classname="user.spec.ts" time="1.634">
</testcase>
<testcase name="User Auth and Features (Clerk) › public user API: bookmarks require auth" classname="user.spec.ts" time="0.066">
</testcase>
<testcase name="User Auth and Features (Clerk) › public user API: ratings require auth" classname="user.spec.ts" time="0.046">
</testcase>
<testcase name="User Auth and Features (Clerk) › public user API: comments require auth" classname="user.spec.ts" time="0.035">
</testcase>
<testcase name="User Auth and Features (Clerk) › public user API: likes require auth" classname="user.spec.ts" time="0.058">
</testcase>
</testsuite>
<testsuite name="admin.spec.ts" timestamp="2026-08-04T05:55:02.111Z" hostname="Mobile Safari" tests="10" failures="0" skipped="0" time="51.096" errors="0">
<testcase name="Admin Dashboard and CRUD › admin dashboard loads correctly" classname="admin.spec.ts" time="2.808">
</testcase>
<testcase name="Admin Dashboard and CRUD › admin manga page loads" classname="admin.spec.ts" time="4.175">
</testcase>
<testcase name="Admin Dashboard and CRUD › admin chapters page loads" classname="admin.spec.ts" time="7.959">
</testcase>
<testcase name="Admin Dashboard and CRUD › admin users page loads" classname="admin.spec.ts" time="1.912">
</testcase>
<testcase name="Admin Dashboard and CRUD › admin ads page loads" classname="admin.spec.ts" time="1.752">
</testcase>
<testcase name="Admin Dashboard and CRUD › admin audit-logs page loads" classname="admin.spec.ts" time="2.034">
</testcase>
<testcase name="Admin Dashboard and CRUD › admin settings page loads" classname="admin.spec.ts" time="1.882">
</testcase>
<testcase name="Admin Dashboard and CRUD › admin login page shows form (unauthenticated check)" classname="admin.spec.ts" time="2.56">
</testcase>
<testcase name="Admin Dashboard and CRUD › admin API: manga list returns data" classname="admin.spec.ts" time="1.342">
</testcase>
<testcase name="Admin Dashboard and CRUD › admin API: full CRUD lifecycle — manga → chapter → ad → cleanup" classname="admin.spec.ts" time="24.672">
</testcase>
</testsuite>
<testsuite name="public.spec.ts" timestamp="2026-08-04T05:55:02.111Z" hostname="Mobile Safari" tests="5" failures="0" skipped="0" time="17.285" errors="0">
<testcase name="Public Pages and Reader › homepage loads and displays content" classname="public.spec.ts" time="6.533">
</testcase>
<testcase name="Public Pages and Reader › search functionality" classname="public.spec.ts" time="7.31">
</testcase>
<testcase name="Public Pages and Reader › SEO: robots.txt is served" classname="public.spec.ts" time="0.069">
</testcase>
<testcase name="Public Pages and Reader › SEO: sitemap.xml is served" classname="public.spec.ts" time="1.616">
</testcase>
<testcase name="Public Pages and Reader › route protection - admin redirects unauthenticated users to login" classname="public.spec.ts" time="1.757">
</testcase>
</testsuite>
<testsuite name="reader.spec.ts" timestamp="2026-08-04T05:55:02.111Z" hostname="Mobile Safari" tests="1" failures="1" skipped="0" time="61.358" errors="0">
<testcase name="Reader Features › reader page loads when manga and chapter exist" classname="reader.spec.ts" time="61.358">
<system-out>
<![CDATA[
[[ATTACHMENT|..\test-results\reader-Reader-Features-rea-65713-hen-manga-and-chapter-exist-Mobile-Safari\test-failed-1.png]]

[[ATTACHMENT|..\test-results\reader-Reader-Features-rea-65713-hen-manga-and-chapter-exist-Mobile-Safari\video.webm]]

[[ATTACHMENT|..\test-results\reader-Reader-Features-rea-65713-hen-manga-and-chapter-exist-Mobile-Safari\error-context.md]]

[[ATTACHMENT|..\test-results\reader-Reader-Features-rea-65713-hen-manga-and-chapter-exist-Mobile-Safari\trace.zip]]

[[ATTACHMENT|..\test-results\reader-Reader-Features-rea-65713-hen-manga-and-chapter-exist-Mobile-Safari-retry1\test-failed-1.png]]

[[ATTACHMENT|..\test-results\reader-Reader-Features-rea-65713-hen-manga-and-chapter-exist-Mobile-Safari-retry1\video.webm]]

[[ATTACHMENT|..\test-results\reader-Reader-Features-rea-65713-hen-manga-and-chapter-exist-Mobile-Safari-retry1\error-context.md]]

[[ATTACHMENT|..\test-results\reader-Reader-Features-rea-65713-hen-manga-and-chapter-exist-Mobile-Safari-retry1\trace.zip]]
]]>
</system-out>
<failure message="expect(locator).toBeVisible() failed" type="expect.toBeVisible">
<![CDATA[  [Mobile Safari] › reader.spec.ts:5:7 › Reader Features › reader page loads when manga and chapter exist 

    Error: expect(locator).toBeVisible() failed

    Locator: locator('img').first()
    Expected: visible
    Timeout: 20000ms
    Error: element(s) not found

    Call log:
      - Expect "toBeVisible" with timeout 20000ms
      - waiting for locator('img').first()


      38 |
      39 |     // Reader page should have at least one image
    > 40 |     await expect(page.locator('img').first()).toBeVisible({ timeout: 20000 });
         |                                               ^
      41 |   });
      42 |
      43 | });
        at C:\Users\Sampad Chowdhury\OneDrive\Documents\website\hentography website\tests\e2e\reader.spec.ts:40:47

    attachment #1: screenshot (image/png) ──────────────────────────────────────────────────────────
    ..\..\test-results\reader-Reader-Features-rea-65713-hen-manga-and-chapter-exist-Mobile-Safari\test-failed-1.png
    ────────────────────────────────────────────────────────────────────────────────────────────────

    attachment #2: video (video/webm) ──────────────────────────────────────────────────────────────
    ..\..\test-results\reader-Reader-Features-rea-65713-hen-manga-and-chapter-exist-Mobile-Safari\video.webm
    ────────────────────────────────────────────────────────────────────────────────────────────────

    Error Context: ..\..\test-results\reader-Reader-Features-rea-65713-hen-manga-and-chapter-exist-Mobile-Safari\error-context.md

    attachment #4: trace (application/zip) ─────────────────────────────────────────────────────────
    ..\..\test-results\reader-Reader-Features-rea-65713-hen-manga-and-chapter-exist-Mobile-Safari\trace.zip
    Usage:

        npx playwright show-trace ..\..\test-results\reader-Reader-Features-rea-65713-hen-manga-and-chapter-exist-Mobile-Safari\trace.zip

    ────────────────────────────────────────────────────────────────────────────────────────────────

    Retry #1 ───────────────────────────────────────────────────────────────────────────────────────

    Error: expect(locator).toBeVisible() failed

    Locator: locator('img').first()
    Expected: visible
    Timeout: 20000ms
    Error: element(s) not found

    Call log:
      - Expect "toBeVisible" with timeout 20000ms
      - waiting for locator('img').first()


      38 |
      39 |     // Reader page should have at least one image
    > 40 |     await expect(page.locator('img').first()).toBeVisible({ timeout: 20000 });
         |                                               ^
      41 |   });
      42 |
      43 | });
        at C:\Users\Sampad Chowdhury\OneDrive\Documents\website\hentography website\tests\e2e\reader.spec.ts:40:47

    attachment #1: screenshot (image/png) ──────────────────────────────────────────────────────────
    ..\..\test-results\reader-Reader-Features-rea-65713-hen-manga-and-chapter-exist-Mobile-Safari-retry1\test-failed-1.png
    ────────────────────────────────────────────────────────────────────────────────────────────────

    attachment #2: video (video/webm) ──────────────────────────────────────────────────────────────
    ..\..\test-results\reader-Reader-Features-rea-65713-hen-manga-and-chapter-exist-Mobile-Safari-retry1\video.webm
    ────────────────────────────────────────────────────────────────────────────────────────────────

    Error Context: ..\..\test-results\reader-Reader-Features-rea-65713-hen-manga-and-chapter-exist-Mobile-Safari-retry1\error-context.md

    attachment #4: trace (application/zip) ─────────────────────────────────────────────────────────
    ..\..\test-results\reader-Reader-Features-rea-65713-hen-manga-and-chapter-exist-Mobile-Safari-retry1\trace.zip
    Usage:

        npx playwright show-trace ..\..\test-results\reader-Reader-Features-rea-65713-hen-manga-and-chapter-exist-Mobile-Safari-retry1\trace.zip

    ────────────────────────────────────────────────────────────────────────────────────────────────
]]>
</failure>
</testcase>
</testsuite>
<testsuite name="system.spec.ts" timestamp="2026-08-04T05:55:02.111Z" hostname="Mobile Safari" tests="2" failures="0" skipped="0" time="20.061" errors="0">
<testcase name="System and Accessibility › no console errors on homepage" classname="system.spec.ts" time="9.762">
</testcase>
<testcase name="System and Accessibility › navigation is accessible" classname="system.spec.ts" time="10.299">
</testcase>
</testsuite>
<testsuite name="user.spec.ts" timestamp="2026-08-04T05:55:02.111Z" hostname="Mobile Safari" tests="7" failures="0" skipped="0" time="14.72" errors="0">
<testcase name="User Auth and Features (Clerk) › sign in page loads Clerk widget" classname="user.spec.ts" time="5.164">
</testcase>
<testcase name="User Auth and Features (Clerk) › sign up page loads Clerk widget" classname="user.spec.ts" time="4.875">
</testcase>
<testcase name="User Auth and Features (Clerk) › protected dashboard redirects unauthenticated users" classname="user.spec.ts" time="4.234">
</testcase>
<testcase name="User Auth and Features (Clerk) › public user API: bookmarks require auth" classname="user.spec.ts" time="0.108">
</testcase>
<testcase name="User Auth and Features (Clerk) › public user API: ratings require auth" classname="user.spec.ts" time="0.031">
</testcase>
<testcase name="User Auth and Features (Clerk) › public user API: comments require auth" classname="user.spec.ts" time="0.067">
</testcase>
<testcase name="User Auth and Features (Clerk) › public user API: likes require auth" classname="user.spec.ts" time="0.241">
</testcase>
</testsuite>
</testsuites>